e:\project\c++\serialport\serialport\serialport\x64\debug\moc_serialport.obj
e:\project\c++\serialport\serialport\serialport\x64\debug\main.obj
e:\project\c++\serialport\serialport\serialport\x64\debug\qrc_serialport.obj
e:\project\c++\serialport\serialport\serialport\.\generatedfiles\debug\moc_serialport.cpp
e:\project\c++\serialport\serialport\serialport\.\generatedfiles\qrc_serialport.cpp
e:\project\c++\serialport\serialport\serialport\generatedfiles\ui_serialport.h
e:\project\c++\serialport\serialport\serialport\generatedfiles\qrc_serialport.cpp
e:\project\c++\serialport\serialport\serialport\generatedfiles\debug\moc_serialport.cpp
e:\project\c++\serialport\serialport\serialport\.\generatedfiles\ui_serialport.h
e:\project\c++\serialport\serialport\serialport\x64\debug\vc140.pdb
e:\project\c++\serialport\serialport\serialport\x64\debug\serialport.tlog\cl.command.1.tlog
e:\project\c++\serialport\serialport\serialport\x64\debug\serialport.tlog\cl.read.1.tlog
e:\project\c++\serialport\serialport\serialport\x64\debug\serialport.tlog\cl.write.1.tlog
e:\project\c++\serialport\serialport\serialport\x64\debug\serialport.tlog\moc.read.1u.tlog
e:\project\c++\serialport\serialport\serialport\x64\debug\serialport.tlog\moc.write.1u.tlog
e:\project\c++\serialport\serialport\serialport\x64\debug\serialport.tlog\rcc.read.1u.tlog
e:\project\c++\serialport\serialport\serialport\x64\debug\serialport.tlog\rcc.write.1u.tlog
e:\project\c++\serialport\serialport\serialport\x64\debug\serialport.tlog\serialport.write.1u.tlog
e:\project\c++\serialport\serialport\serialport\x64\debug\serialport.tlog\uic.read.1u.tlog
e:\project\c++\serialport\serialport\serialport\x64\debug\serialport.tlog\uic.write.1u.tlog
