e:\project\cpp\serialport\serialport\x64\debug\serialport.obj
e:\project\cpp\serialport\serialport\x64\debug\qrc_serialport.obj
e:\project\cpp\serialport\serialport\x64\debug\moc_serialport.obj
e:\project\cpp\serialport\serialport\x64\debug\main.obj
e:\project\cpp\serialport\serialport\x64\debug\vc140.pdb
e:\project\cpp\serialport\serialport\.\generatedfiles\debug\moc_serialport.cpp
e:\project\cpp\serialport\serialport\x64\debug\serialport.res
e:\project\cpp\serialport\serialport\.\generatedfiles\qrc_serialport.cpp
e:\project\cpp\serialport\serialport\generatedfiles\ui_serialport.h
e:\project\cpp\serialport\serialport\generatedfiles\qrc_serialport.cpp
e:\project\cpp\serialport\serialport\generatedfiles\debug\moc_serialport.cpp
e:\project\cpp\serialport\serialport\.\generatedfiles\ui_serialport.h
e:\project\cpp\serialport\x64\debug\serialport.pdb
e:\project\cpp\serialport\serialport\x64\debug\serialport.tlog\cl.command.1.tlog
e:\project\cpp\serialport\serialport\x64\debug\serialport.tlog\cl.read.1.tlog
e:\project\cpp\serialport\serialport\x64\debug\serialport.tlog\cl.write.1.tlog
e:\project\cpp\serialport\serialport\x64\debug\serialport.tlog\link-cvtres.read.1.tlog
e:\project\cpp\serialport\serialport\x64\debug\serialport.tlog\link-cvtres.write.1.tlog
e:\project\cpp\serialport\serialport\x64\debug\serialport.tlog\link-rc.read.1.tlog
e:\project\cpp\serialport\serialport\x64\debug\serialport.tlog\link-rc.write.1.tlog
e:\project\cpp\serialport\serialport\x64\debug\serialport.tlog\link.command.1.tlog
e:\project\cpp\serialport\serialport\x64\debug\serialport.tlog\link.read.1.tlog
e:\project\cpp\serialport\serialport\x64\debug\serialport.tlog\link.write.1.tlog
e:\project\cpp\serialport\serialport\x64\debug\serialport.tlog\moc.read.1u.tlog
e:\project\cpp\serialport\serialport\x64\debug\serialport.tlog\moc.write.1u.tlog
e:\project\cpp\serialport\serialport\x64\debug\serialport.tlog\rc.command.1.tlog
e:\project\cpp\serialport\serialport\x64\debug\serialport.tlog\rc.read.1.tlog
e:\project\cpp\serialport\serialport\x64\debug\serialport.tlog\rc.write.1.tlog
e:\project\cpp\serialport\serialport\x64\debug\serialport.tlog\rcc.read.1u.tlog
e:\project\cpp\serialport\serialport\x64\debug\serialport.tlog\rcc.write.1u.tlog
e:\project\cpp\serialport\serialport\x64\debug\serialport.tlog\serialport.write.1u.tlog
e:\project\cpp\serialport\serialport\x64\debug\serialport.tlog\uic.read.1u.tlog
e:\project\cpp\serialport\serialport\x64\debug\serialport.tlog\uic.write.1u.tlog
